Using pre-set license
Built from '2020.2/release' branch; Version is '2020.2.0f1 (3721df5a8b28) revision 3613151'; Using compiler version '192528614'; Build Type 'Release'
OS: 'Windows 10  (10.0.0) 64bit' Language: 'en' Physical Memory: 16316 MB
BatchMode: 1, IsHumanControllingUs: 0, StartBugReporterOnCrash: 0, Is64bit: 1, IsPro: 0

 COMMAND LINE ARGUMENTS:
D:\Program Files\Unity\Hub\Editor\2020.2.0f1\Editor\Unity.exe
-adb2
-batchMode
-noUpm
-name
AssetImportWorker0
-projectPath
D:/repos/WHAdventuresRepo/WHAcademy
-logFile
Logs/AssetImportWorker0.log
-srvPort
60358
Successfully changed project path to: D:/repos/WHAdventuresRepo/WHAcademy
D:/repos/WHAdventuresRepo/WHAcademy
Using Asset Import Pipeline V2.
Refreshing native plugins compatible for Editor in 37.31 ms, found 1 plugins.
Preloading 0 native plugins for Editor in 0.00 ms.
Initialize engine version: 2020.2.0f1 (3721df5a8b28)
[Subsystems] Discovering subsystems at path D:/Program Files/Unity/Hub/Editor/2020.2.0f1/Editor/Data/Resources/UnitySubsystems
[Subsystems] Discovering subsystems at path D:/repos/WHAdventuresRepo/WHAcademy/Assets
GfxDevice: creating device client; threaded=0
Direct3D:
    Version:  Direct3D 11.0 [level 11.1]
    Renderer: NVIDIA GeForce GTX 1070 (ID=0x1b81)
    Vendor:   
    VRAM:     8088 MB
    Driver:   27.21.14.6172
Initialize mono
Mono path[0] = 'D:/Program Files/Unity/Hub/Editor/2020.2.0f1/Editor/Data/Managed'
Mono path[1] = 'D:/Program Files/Unity/Hub/Editor/2020.2.0f1/Editor/Data/MonoBleedingEdge/lib/mono/unityjit'
Mono config path = 'D:/Program Files/Unity/Hub/Editor/2020.2.0f1/Editor/Data/MonoBleedingEdge/etc'
Using monoOptions --debugger-agent=transport=dt_socket,embedding=1,server=y,suspend=n,address=127.0.0.1:56860
Begin MonoManager ReloadAssembly
Registering precompiled unity dll's ...
Register platform support module: D:/Program Files/Unity/Hub/Editor/2020.2.0f1/Editor/Data/PlaybackEngines/WebGLSupport/UnityEditor.WebGL.Extensions.dll
Register platform support module: D:/Program Files/Unity/Hub/Editor/2020.2.0f1/Editor/Data/PlaybackEngines/WindowsStandaloneSupport/UnityEditor.WindowsStandalone.Extensions.dll
Registered in 0.004162 seconds.
Native extension for WindowsStandalone target not found
Native extension for WebGL target not found
Refreshing native plugins compatible for Editor in 32.78 ms, found 1 plugins.
Preloading 0 native plugins for Editor in 0.00 ms.
Invoked RoslynAnalysisRunner static constructor.
RoslynAnalysisRunner will not be running.
RoslynAnalysisRunner has terminated.
Mono: successfully reloaded assembly
- Completed reload, in  1.247 seconds
Platform modules already initialized, skipping
Registering precompiled user dll's ...
Registered in 0.001338 seconds.
Begin MonoManager ReloadAssembly
Native extension for WindowsStandalone target not found
Native extension for WebGL target not found
Refreshing native plugins compatible for Editor in 34.41 ms, found 1 plugins.
Preloading 0 native plugins for Editor in 0.00 ms.
Invoked RoslynAnalysisRunner static constructor.
RoslynAnalysisRunner will not be running.
RoslynAnalysisRunner has terminated.
Mono: successfully reloaded assembly
- Completed reload, in  0.959 seconds
Platform modules already initialized, skipping
========================================================================
Worker process is ready to serve import requests
Launched and connected shader compiler UnityShaderCompiler.exe after 0.08 seconds
Refreshing native plugins compatible for Editor in 0.52 ms, found 1 plugins.
Preloading 0 native plugins for Editor in 0.00 ms.
Unloading 1787 Unused Serialized files (Serialized files now loaded: 0)
System memory in use before: 83.6 MB.
System memory in use after: 83.6 MB.

Unloading 24 unused Assets to reduce memory usage. Loaded Objects now: 2226.
Total: 1.913900 ms (FindLiveObjects: 0.305000 ms CreateObjectMapping: 0.086100 ms MarkObjects: 1.420400 ms  DeleteObjects: 0.101100 ms)

========================================================================
Received Import Request.
  path: Assets/Assets
  artifactKey: Guid(34d33a49ef9d7c04288873fd58330dd0) Importer(815301076,1909f56bfc062723c751e8b465ee728b)
Start importing Assets/Assets using Guid(34d33a49ef9d7c04288873fd58330dd0) Importer(815301076,1909f56bfc062723c751e8b465ee728b)  -> (artifact id: '79ac532a74f75f93d9eb3137a2332d02') in 0.004106 seconds
  Import took 0.023877 seconds .

========================================================================
Received Import Request.
  Time since last request: 2.074982 seconds.
  path: Assets/Assets/WHAcademyScreen AssetsWIP.png
  artifactKey: Guid(8f7fadc7d6daa2d44a4dc0cb6cc61d0a) Importer(815301076,1909f56bfc062723c751e8b465ee728b)
Start importing Assets/Assets/WHAcademyScreen AssetsWIP.png using Guid(8f7fadc7d6daa2d44a4dc0cb6cc61d0a) Importer(815301076,1909f56bfc062723c751e8b465ee728b)  -> (artifact id: '3b9fe3352b4556495f45a47e57d61a53') in 0.199341 seconds
  Import took 0.203184 seconds .

========================================================================
Received Import Request.
  Time since last request: 17.533961 seconds.
  path: Assets/Assets/WHAcademyScreen AssetsWIP.png
  artifactKey: Guid(8f7fadc7d6daa2d44a4dc0cb6cc61d0a) Importer(815301076,1909f56bfc062723c751e8b465ee728b)
Start importing Assets/Assets/WHAcademyScreen AssetsWIP.png using Guid(8f7fadc7d6daa2d44a4dc0cb6cc61d0a) Importer(815301076,1909f56bfc062723c751e8b465ee728b)  -> (artifact id: '9f0ca948699e01edcf08005ca4fc5b0e') in 0.020395 seconds
  Import took 0.025860 seconds .

========================================================================
Received Import Request.
  Time since last request: 0.007099 seconds.
  path: Assets/Assets/WHAcademyScreen AssetsWIP.png
  artifactKey: Guid(8f7fadc7d6daa2d44a4dc0cb6cc61d0a) Importer(815301076,1909f56bfc062723c751e8b465ee728b)
Start importing Assets/Assets/WHAcademyScreen AssetsWIP.png using Guid(8f7fadc7d6daa2d44a4dc0cb6cc61d0a) Importer(815301076,1909f56bfc062723c751e8b465ee728b)  -> (artifact id: '9f0ca948699e01edcf08005ca4fc5b0e') in 0.020293 seconds
  Import took 0.024810 seconds .

========================================================================
Received Import Request.
  Time since last request: 70.307829 seconds.
  path: Assets/Assets/WHAcademyScreen AssetsWIP.png
  artifactKey: Guid(8f7fadc7d6daa2d44a4dc0cb6cc61d0a) Importer(815301076,1909f56bfc062723c751e8b465ee728b)
Start importing Assets/Assets/WHAcademyScreen AssetsWIP.png using Guid(8f7fadc7d6daa2d44a4dc0cb6cc61d0a) Importer(815301076,1909f56bfc062723c751e8b465ee728b)  -> (artifact id: 'e28fbef7a8d4ac87eae2a0b3b7d0aecb') in 0.033750 seconds
  Import took 0.037017 seconds .

AssetImportWorkerClient::OnTransportError - code=2 error=End of file
